[s6-init] making user provided files available at /var/run/s6/etc...exited 0.
[s6-init] ensuring user provided files have correct perms...exited 0.
[fix-attrs.d] applying ownership & permissions fixes...
[fix-attrs.d] done.
[cont-init.d] executing container initialization scripts...
[cont-init.d] done.
[services.d] starting services
[services.d] done.
/opt/bin/serf agent --join ha --replay --event-handler member-join=/serf-handlers/member-join.sh --event-handler member-leave,member-failed=/serf-handlers/member-leave.sh --tag role=balancer
==> Starting Serf agent...
==> Starting Serf agent RPC...
==> Serf agent running!
         Node name: 'bb2c2d77c02e'
         Bind addr: '0.0.0.0:7946'
                       RPC addr: '127.0.0.1:7373'
                      Encrypted: false
                       Snapshot: false
                        Profile: lan
    Message Compression Enabled: true
==> Joining cluster...(replay: true)
    Join completed. Synced with 1 initial agents

==> Log data will now stream in as it occurs:

    2021/01/01 19:36:02 [INFO] agent: Serf agent starting
    2021/01/01 19:36:02 [INFO] serf: EventMemberJoin: bb2c2d77c02e 192.168.42.42
    2021/01/01 19:36:02 [INFO] agent: joining: [ha] replay: true
    2021/01/01 19:36:02 [INFO] serf: EventMemberJoin: 8ec7618bfc1e 192.168.42.22
    2021/01/01 19:36:02 [INFO] agent: joined: 1 nodes
[WARNING] 000/193602 (210) : Server nodes/s1 is DOWN, reason: Layer4 connection problem, info: "Connection refused", check duration: 0ms. 1 active and 0 backup servers left. 0 sessions active, 0 requeued, 0 remaining in queue.
    2021/01/01 19:36:03 [INFO] serf: EventMemberJoin: c5f6accd2969 192.168.42.11
    2021/01/01 19:36:04 [INFO] agent: Received event: member-join
[WARNING] 000/193607 (210) : Server nodes/s1 is UP, reason: Layer7 check passed, code: 200, check duration: 1ms. 2 active and 0 backup servers online. 0 sessions requeued, 0 total in queue.
    2021/01/01 19:36:09 [INFO] memberlist: Suspect c5f6accd2969 has failed, no acks received
    2021/01/01 19:36:11 [INFO] memberlist: Suspect c5f6accd2969 has failed, no acks received
    2021/01/01 19:36:13 [INFO] memberlist: Suspect c5f6accd2969 has failed, no acks received
    2021/01/01 19:36:13 [INFO] memberlist: Marking c5f6accd2969 as failed, suspect timeout reached (0 peer confirmations)
    2021/01/01 19:36:13 [INFO] serf: EventMemberLeave: c5f6accd2969 192.168.42.11
    2021/01/01 19:36:14 [INFO] agent: Received event: member-leave
[WARNING] 000/193615 (210) : Server nodes/s1 is DOWN, reason: Layer4 timeout, check duration: 2001ms. 1 active and 0 backup servers left. 0 sessions active, 0 requeued, 0 remaining in queue.
    2021/01/01 19:36:15 [INFO] memberlist: Suspect 8ec7618bfc1e has failed, no acks received
    2021/01/01 19:36:18 [INFO] memberlist: Suspect 8ec7618bfc1e has failed, no acks received
    2021/01/01 19:36:19 [INFO] memberlist: Marking 8ec7618bfc1e as failed, suspect timeout reached (0 peer confirmations)
    2021/01/01 19:36:19 [INFO] serf: EventMemberLeave: 8ec7618bfc1e 192.168.42.22
[WARNING] 000/193619 (210) : Server nodes/s2 is DOWN, reason: Layer4 timeout, check duration: 2000ms. 0 active and 0 backup servers left. 0 sessions active, 0 requeued, 0 remaining in queue.
[NOTICE] 000/193619 (210) : haproxy version is 2.2.5-34b2b10
[NOTICE] 000/193619 (210) : path to executable is /usr/local/sbin/haproxy
[ALERT] 000/193619 (210) : backend 'nodes' has no server available!
    2021/01/01 19:36:20 [INFO] agent: Received event: member-leave
    2021/01/01 19:36:23 [INFO] memberlist: Suspect 8ec7618bfc1e has failed, no acks received
